#
# A fatal error has been detected by the Java Runtime Environment:
#
#  EXCEPTION_ACCESS_VIOLATION (0xc0000005) at pc=0x00007ffe982bab20, pid=3812, tid=2008
#
# JRE version: OpenJDK Runtime Environment (11.0.8+10) (build 11.0.8+10-b944.6842174)
# Java VM: OpenJDK 64-Bit Server VM (11.0.8+10-b944.6842174, mixed mode, tiered, compressed oops, g1 gc, windows-amd64)
# Problematic frame:
# V  [jvm.dll+0x10ab20]
#
# No core dump will be written. Minidumps are not enabled by default on client versions of Windows
#
# If you would like to submit a bug report, please visit:
#   https://bugreport.java.com/bugreport/crash.jsp
#

---------------  S U M M A R Y ------------

Command Line: org.jetbrains.kotlin.cli.jvm.K2JVMCompiler @C:\Users\FADEL\AndroidStudioProjects\RoadDamageDetector\app\build\20210529_14341621796402938273.compiler.options

Host: Intel(R) Core(TM) i7-7500U CPU @ 2.70GHz, 4 cores, 15G,  Windows 10 , 64 bit Build 19041 (10.0.19041.928)
Time: Sat May 29 15:23:02 2021 SE Asia Standard Time elapsed time: 1 seconds (0d 0h 0m 1s)

---------------  T H R E A D  ---------------

Current thread (0x0000020577828000):  JavaThread "C2 CompilerThread0" daemon [_thread_in_native, id=2008, stack(0x000000687d000000,0x000000687d100000)]


Current CompileTask:
C2:   1692 1970   !   4       jdk.internal.loader.BuiltinClassLoader::loadClassOrNull (143 bytes)

Stack: [0x000000687d000000,0x000000687d100000],  sp=0x000000687d0fbca0,  free space=1007k
Native frames: (J=compiled Java code, j=interpreted, Vv=VM code, C=native code)
V  [jvm.dll+0x10ab20]
V  [jvm.dll+0x10a5db]
V  [jvm.dll+0x1f76b3]
V  [jvm.dll+0x1f68d4]
V  [jvm.dll+0x17f32c]
V  [jvm.dll+0x205047]
V  [jvm.dll+0x203891]
V  [jvm.dll+0x6dad3f]
V  [jvm.dll+0x6d3895]
V  [jvm.dll+0x5dd4a6]
C  [ucrtbase.dll+0x21bb2]
C  [KERNEL32.DLL+0x17034]
C  [ntdll.dll+0x52651]


siginfo: EXCEPTION_ACCESS_VIOLATION (0xc0000005), reading address 0x00007dfe9890eda8


Register to memory mapping:

RIP=0x00007ffe982bab20 jvm.dll
RAX=0x00007dfe9890ed88 is an unknown value
RBX=0x000002057af575a8 points into unknown readable memory: 88 ed 90 98 fe 7d 00 00
RCX=0x000002057af575a8 points into unknown readable memory: 88 ed 90 98 fe 7d 00 00
RDX=0x000002057972f388 points into unknown readable memory: 80 00 00 00 00 00 00 00
RSP=0x000000687d0fbca0 is pointing into the stack for thread: 0x0000020577828000
RBP=0x000002057af574f0 points into unknown readable memory: 18 27 94 98 fe 7f 00 00
RSI=0x000002057af574f0 points into unknown readable memory: 18 27 94 98 fe 7f 00 00
RDI=0x0000000000000428 is an unknown value
R8 =0x0 is NULL
R9 =0x000002057985a810 points into unknown readable memory: 70 aa 85 79 05 02 00 00
R10=0x00000205797420b0 points into unknown readable memory: c0 1f 74 79 05 02 00 00
R11=0x0000020579857750 points into unknown readable memory: 80 df f5 7a 05 02 00 00
R12=0x00000000000008e0 is an unknown value
R13=0x000000687d0fbe70 is pointing into the stack for thread: 0x0000020577828000
R14=0x00000205795349e0 points into unknown readable memory: 98 bd 9a 98 fe 7f 00 00
R15=0x00007ffe98983040 jvm.dll


Registers:
RAX=0x00007dfe9890ed88, RBX=0x000002057af575a8, RCX=0x000002057af575a8, RDX=0x000002057972f388
RSP=0x000000687d0fbca0, RBP=0x000002057af574f0, RSI=0x000002057af574f0, RDI=0x0000000000000428
R8 =0x0000000000000000, R9 =0x000002057985a810, R10=0x00000205797420b0, R11=0x0000020579857750
R12=0x00000000000008e0, R13=0x000000687d0fbe70, R14=0x00000205795349e0, R15=0x00007ffe98983040
RIP=0x00007ffe982bab20, EFLAGS=0x0000000000010246

Top of Stack: (sp=0x000000687d0fbca0)
0x000000687d0fbca0:   000002057985aa70 000002057985a7c0
0x000000687d0fbcb0:   000002057985a7c0 000002057985aa70
0x000000687d0fbcc0:   0000020578e0a0e0 0000020578e210c0
0x000000687d0fbcd0:   0000020578e09b80 00000205777c4610
0x000000687d0fbce0:   00007ffe98a0cb68 00000205777c4610
0x000000687d0fbcf0:   0000020500000200 000002057972ee20
0x000000687d0fbd00:   00000000002ad278 00000205796e6de8
0x000000687d0fbd10:   00000205777c4610 00000205796dee00
0x000000687d0fbd20:   000002057ae4b3a0 00007ffe982ba5db
0x000000687d0fbd30:   000002057ae4b3a0 000000687d0fbe70
0x000000687d0fbd40:   000000687d0fc0a0 00000205796df910
0x000000687d0fbd50:   000000687d0fe400 0000000000000000
0x000000687d0fbd60:   0000000000000008 00007ffe98986b78
0x000000687d0fbd70:   00000205778050e8 00007ffe983a76b3
0x000000687d0fbd80:   000000687d0fe400 000000687d0fbe80
0x000000687d0fbd90:   0000020579194340 0000020579194340 

Instructions: (pc=0x00007ffe982bab20)
0x00007ffe982baa20:   41 20 49 8d 14 c0 48 39 72 f8 48 8d 52 f8 75 f6
0x00007ffe982baa30:   ff c8 89 41 20 49 8b 0c c0 48 89 0a 49 89 19 48
0x00007ffe982baa40:   83 7b 10 00 74 1e 8b 53 20 3b 53 24 75 08 48 8b
0x00007ffe982baa50:   cb e8 4a 47 4b 00 8b 4b 20 48 8b 43 10 48 89 34
0x00007ffe982baa60:   c8 ff 43 20 4d 8b 4e 08 49 8b 0c 39 48 85 c9 74
0x00007ffe982baa70:   26 4c 8b 41 10 4d 85 c0 74 1d 8b 41 20 49 8d 14
0x00007ffe982baa80:   c0 4c 39 72 f8 48 8d 52 f8 75 f6 ff c8 89 41 20
0x00007ffe982baa90:   49 8b 0c c0 48 89 0a 49 89 34 39 48 83 7e 10 00
0x00007ffe982baaa0:   74 1e 8b 56 20 3b 56 24 75 08 48 8b ce e8 ee 46
0x00007ffe982baab0:   4b 00 8b 4e 20 48 8b 46 10 4c 89 34 c8 ff 46 20
0x00007ffe982baac0:   48 8b de 8b 4e 28 8b c1 c1 e8 05 3b 44 24 50 72
0x00007ffe982baad0:   11 48 8b 44 24 40 8b d1 48 8d 4c 24 40 ff 50 18
0x00007ffe982baae0:   eb 2e 83 e1 1f 41 b8 01 00 00 00 41 d3 e0 8b c8
0x00007ffe982baaf0:   48 8b 44 24 58 48 8d 14 88 41 8b c0 8b 0a 0b c1
0x00007ffe982bab00:   89 02 44 23 c1 0f 85 7a 03 00 00 0f 1f 44 00 00
0x00007ffe982bab10:   48 8b 43 08 48 8b eb 48 8b 18 48 8b cb 48 8b 03
0x00007ffe982bab20:   ff 50 20 48 85 c0 75 23 0f b7 4b 2c 0f b6 c1 24
0x00007ffe982bab30:   3f 3c 20 75 09 48 8b 43 08 48 3b 18 eb 06 80 e1
0x00007ffe982bab40:   0f 80 f9 09 0f 94 c0 84 c0 74 c5 0f b7 4b 2c 0f
0x00007ffe982bab50:   b6 c1 24 3f 3c 20 75 09 48 8b 43 08 48 3b 18 eb
0x00007ffe982bab60:   06 80 e1 0f 80 f9 09 0f 94 c0 84 c0 0f 85 e5 00
0x00007ffe982bab70:   00 00 b9 30 00 00 00 e8 c4 12 f0 ff 48 8b f8 48
0x00007ffe982bab80:   85 c0 74 47 ba 02 00 00 00 48 8b c8 e8 ef 1c 4b
0x00007ffe982bab90:   00 48 8b 4f 08 b8 20 00 00 00 4c 89 3f 66 89 47
0x00007ffe982baba0:   2c 48 89 39 48 83 7f 10 00 74 22 8b 57 20 3b 57
0x00007ffe982babb0:   24 75 08 48 8b cf e8 e5 45 4b 00 8b 4f 20 48 8b
0x00007ffe982babc0:   47 10 48 89 3c c8 ff 47 20 eb 02 33 ff 48 8b 47
0x00007ffe982babd0:   08 48 89 58 08 48 83 7b 10 00 74 1e 8b 53 20 3b
0x00007ffe982babe0:   53 24 75 08 48 8b cb e8 b4 45 4b 00 8b 4b 20 48
0x00007ffe982babf0:   8b 43 10 48 89 3c c8 ff 43 20 4c 8b 4d 08 49 8b
0x00007ffe982bac00:   09 48 85 c9 74 26 4c 8b 41 10 4d 85 c0 74 1d 8b
0x00007ffe982bac10:   41 20 49 8d 14 c0 48 39 6a f8 48 8d 52 f8 75 f6 


Stack slot to memory mapping:
stack at sp + 0 slots: 0x000002057985aa70 points into unknown readable memory: 40 30 98 98 fe 7f 00 00
stack at sp + 1 slots: 0x000002057985a7c0 points into unknown readable memory: e8 f2 93 98 fe 7f 00 00
stack at sp + 2 slots: 0x000002057985a7c0 points into unknown readable memory: e8 f2 93 98 fe 7f 00 00
stack at sp + 3 slots: 0x000002057985aa70 points into unknown readable memory: 40 30 98 98 fe 7f 00 00
stack at sp + 4 slots: 0x0000020578e0a0e0 points into unknown readable memory: e0 49 53 79 05 02 00 00
stack at sp + 5 slots: 0x0000020578e210c0 points into unknown readable memory: 00 f7 00 00 00 00 00 00
stack at sp + 6 slots: 0x0000020578e09b80 points into unknown readable memory: e0 49 53 79 05 02 00 00
stack at sp + 7 slots: 0x00000205777c4610 points into unknown readable memory: 06 00 00 00 00 05 09 ad


---------------  P R O C E S S  ---------------

Threads class SMR info:
_java_thread_list=0x0000020577a21480, length=11, elements={
0x00000205589bc000, 0x0000020577804000, 0x0000020577808000, 0x0000020577824000,
0x0000020577825800, 0x0000020577828000, 0x000002057782b800, 0x0000020577875000,
0x00000205779cd800, 0x00000205779d4800, 0x0000020577a0d000
}

Java Threads: ( => current thread )
  0x00000205589bc000 JavaThread "main" [_thread_in_native, id=1292, stack(0x000000687c500000,0x000000687c600000)]
  0x0000020577804000 JavaThread "Reference Handler" daemon [_thread_blocked, id=1724, stack(0x000000687cc00000,0x000000687cd00000)]
  0x0000020577808000 JavaThread "Finalizer" daemon [_thread_blocked, id=10908, stack(0x000000687cd00000,0x000000687ce00000)]
  0x0000020577824000 JavaThread "Signal Dispatcher" daemon [_thread_blocked, id=2236, stack(0x000000687ce00000,0x000000687cf00000)]
  0x0000020577825800 JavaThread "Attach Listener" daemon [_thread_blocked, id=6960, stack(0x000000687cf00000,0x000000687d000000)]
=>0x0000020577828000 JavaThread "C2 CompilerThread0" daemon [_thread_in_native, id=2008, stack(0x000000687d000000,0x000000687d100000)]
  0x000002057782b800 JavaThread "C1 CompilerThread0" daemon [_thread_blocked, id=6428, stack(0x000000687d100000,0x000000687d200000)]
  0x0000020577875000 JavaThread "Sweeper thread" daemon [_thread_blocked, id=8376, stack(0x000000687d200000,0x000000687d300000)]
  0x00000205779cd800 JavaThread "Service Thread" daemon [_thread_blocked, id=5364, stack(0x000000687d300000,0x000000687d400000)]
  0x00000205779d4800 JavaThread "Common-Cleaner" daemon [_thread_blocked, id=10808, stack(0x000000687d500000,0x000000687d600000)]
  0x0000020577a0d000 JavaThread "C2 CompilerThread1" daemon [_thread_in_native, id=3000, stack(0x000000687d600000,0x000000687d700000)]

Other Threads:
  0x00000205777de800 VMThread "VM Thread" [stack: 0x000000687cb00000,0x000000687cc00000] [id=8608]
  0x00000205779d7000 WatcherThread [stack: 0x000000687d400000,0x000000687d500000] [id=11980]
  0x00000205569bd800 GCTaskThread "GC Thread#0" [stack: 0x000000687c600000,0x000000687c700000] [id=10980]
  0x0000020577f46800 GCTaskThread "GC Thread#1" [stack: 0x000000687d700000,0x000000687d800000] [id=11076]
  0x0000020577f62000 GCTaskThread "GC Thread#2" [stack: 0x000000687d800000,0x000000687d900000] [id=7036]
  0x0000020577d58800 GCTaskThread "GC Thread#3" [stack: 0x000000687d900000,0x000000687da00000] [id=11936]
  0x0000020558a2d000 ConcurrentGCThread "G1 Main Marker" [stack: 0x000000687c700000,0x000000687c800000] [id=8016]
  0x0000020558a2f800 ConcurrentGCThread "G1 Conc#0" [stack: 0x000000687c800000,0x000000687c900000] [id=6904]
  0x0000020576e42800 ConcurrentGCThread "G1 Refine#0" [stack: 0x000000687c900000,0x000000687ca00000] [id=8220]
  0x0000020576e43800 ConcurrentGCThread "G1 Young RemSet Sampling" [stack: 0x000000687ca00000,0x000000687cb00000] [id=6664]

Threads with active compile tasks:
C2 CompilerThread0   1752 1970   !   4       jdk.internal.loader.BuiltinClassLoader::loadClassOrNull (143 bytes)
C2 CompilerThread1   1752 2119       4       java.util.HashMap::resize (356 bytes)

VM state:not at safepoint (normal execution)

VM Mutex/Monitor currently owned by a thread: None

Heap address: 0x0000000701c00000, size: 4068 MB, Compressed Oops mode: Zero based, Oop shift amount: 3
Narrow klass base: 0x0000000800000000, Narrow klass shift: 0
Compressed class space size: 1073741824 Address: 0x0000000800000000

Heap:
 garbage-first heap   total 262144K, used 47345K [0x0000000701c00000, 0x0000000800000000)
  region size 1024K, 39 young (39936K), 7 survivors (7168K)
 Metaspace       used 29609K, capacity 30078K, committed 30332K, reserved 1075200K
  class space    used 3498K, capacity 3674K, committed 3712K, reserved 1048576K
Heap Regions: E=young(eden), S=young(survivor), O=old, HS=humongous(starts), HC=humongous(continues), CS=collection set, F=free, A=archive, TAMS=top-at-mark-start (previous, next)
|   0|0x0000000701c00000, 0x0000000701d00000, 0x0000000701d00000|100%|HS|  |TAMS 0x0000000701d00000, 0x0000000701c00000| Complete 
|   1|0x0000000701d00000, 0x0000000701e00000, 0x0000000701e00000|100%|HC|  |TAMS 0x0000000701e00000, 0x0000000701d00000| Complete 
|   2|0x0000000701e00000, 0x0000000701f00000, 0x0000000701f00000|100%|HC|  |TAMS 0x0000000701f00000, 0x0000000701e00000| Complete 
|   3|0x0000000701f00000, 0x0000000701f00000, 0x0000000702000000|  0%| F|  |TAMS 0x0000000701f00000, 0x0000000701f00000| Untracked 
|   4|0x0000000702000000, 0x0000000702004200, 0x0000000702100000|  1%| O|  |TAMS 0x0000000702004200, 0x0000000702000000| Untracked 
|   5|0x0000000702100000, 0x0000000702200000, 0x0000000702200000|100%|HS|  |TAMS 0x0000000702100000, 0x0000000702100000| Complete 
|   6|0x0000000702200000, 0x0000000702300000, 0x0000000702300000|100%|HC|  |TAMS 0x0000000702200000, 0x0000000702200000| Complete 
|   7|0x0000000702300000, 0x0000000702400000, 0x0000000702400000|100%|HC|  |TAMS 0x0000000702300000, 0x0000000702300000| Complete 
|   8|0x0000000702400000, 0x0000000702500000, 0x0000000702500000|100%|HS|  |TAMS 0x0000000702400000, 0x0000000702400000| Complete 
|   9|0x0000000702500000, 0x0000000702600000, 0x0000000702600000|100%|HC|  |TAMS 0x0000000702500000, 0x0000000702500000| Complete 
|  10|0x0000000702600000, 0x0000000702700000, 0x0000000702700000|100%|HC|  |TAMS 0x0000000702600000, 0x0000000702600000| Complete 
|  11|0x0000000702700000, 0x0000000702700000, 0x0000000702800000|  0%| F|  |TAMS 0x0000000702700000, 0x0000000702700000| Untracked 
|  12|0x0000000702800000, 0x0000000702800000, 0x0000000702900000|  0%| F|  |TAMS 0x0000000702800000, 0x0000000702800000| Untracked 
|  13|0x0000000702900000, 0x0000000702900000, 0x0000000702a00000|  0%| F|  |TAMS 0x0000000702900000, 0x0000000702900000| Untracked 
|  14|0x0000000702a00000, 0x0000000702a00000, 0x0000000702b00000|  0%| F|  |TAMS 0x0000000702a00000, 0x0000000702a00000| Untracked 
|  15|0x0000000702b00000, 0x0000000702b00000, 0x0000000702c00000|  0%| F|  |TAMS 0x0000000702b00000, 0x0000000702b00000| Untracked 
|  16|0x0000000702c00000, 0x0000000702c00000, 0x0000000702d00000|  0%| F|  |TAMS 0x0000000702c00000, 0x0000000702c00000| Untracked 
|  17|0x0000000702d00000, 0x0000000702d00000, 0x0000000702e00000|  0%| F|  |TAMS 0x0000000702d00000, 0x0000000702d00000| Untracked 
|  18|0x0000000702e00000, 0x0000000702e00000, 0x0000000702f00000|  0%| F|  |TAMS 0x0000000702e00000, 0x0000000702e00000| Untracked 
|  19|0x0000000702f00000, 0x0000000702f00000, 0x0000000703000000|  0%| F|  |TAMS 0x0000000702f00000, 0x0000000702f00000| Untracked 
|  20|0x0000000703000000, 0x0000000703000000, 0x0000000703100000|  0%| F|  |TAMS 0x0000000703000000, 0x0000000703000000| Untracked 
|  21|0x0000000703100000, 0x0000000703100000, 0x0000000703200000|  0%| F|  |TAMS 0x0000000703100000, 0x0000000703100000| Untracked 
|  22|0x0000000703200000, 0x0000000703200000, 0x0000000703300000|  0%| F|  |TAMS 0x0000000703200000, 0x0000000703200000| Untracked 
|  23|0x0000000703300000, 0x0000000703300000, 0x0000000703400000|  0%| F|  |TAMS 0x0000000703300000, 0x0000000703300000| Untracked 
|  24|0x0000000703400000, 0x0000000703400000, 0x0000000703500000|  0%| F|  |TAMS 0x0000000703400000, 0x0000000703400000| Untracked 
|  25|0x0000000703500000, 0x0000000703500000, 0x0000000703600000|  0%| F|  |TAMS 0x0000000703500000, 0x0000000703500000| Untracked 
|  26|0x0000000703600000, 0x0000000703600000, 0x0000000703700000|  0%| F|  |TAMS 0x0000000703600000, 0x0000000703600000| Untracked 
|  27|0x0000000703700000, 0x0000000703700000, 0x0000000703800000|  0%| F|  |TAMS 0x0000000703700000, 0x0000000703700000| Untracked 
|  28|0x0000000703800000, 0x0000000703800000, 0x0000000703900000|  0%| F|  |TAMS 0x0000000703800000, 0x0000000703800000| Untracked 
|  29|0x0000000703900000, 0x0000000703900000, 0x0000000703a00000|  0%| F|  |TAMS 0x0000000703900000, 0x0000000703900000| Untracked 
|  30|0x0000000703a00000, 0x0000000703a00000, 0x0000000703b00000|  0%| F|  |TAMS 0x0000000703a00000, 0x0000000703a00000| Untracked 
|  31|0x0000000703b00000, 0x0000000703b00000, 0x0000000703c00000|  0%| F|  |TAMS 0x0000000703b00000, 0x0000000703b00000| Untracked 
|  32|0x0000000703c00000, 0x0000000703c00000, 0x0000000703d00000|  0%| F|  |TAMS 0x0000000703c00000, 0x0000000703c00000| Untracked 
|  33|0x0000000703d00000, 0x0000000703d00000, 0x0000000703e00000|  0%| F|  |TAMS 0x0000000703d00000, 0x0000000703d00000| Untracked 
|  34|0x0000000703e00000, 0x0000000703e00000, 0x0000000703f00000|  0%| F|  |TAMS 0x0000000703e00000, 0x0000000703e00000| Untracked 
|  35|0x0000000703f00000, 0x0000000703f00000, 0x0000000704000000|  0%| F|  |TAMS 0x0000000703f00000, 0x0000000703f00000| Untracked 
|  36|0x0000000704000000, 0x0000000704000000, 0x0000000704100000|  0%| F|  |TAMS 0x0000000704000000, 0x0000000704000000| Untracked 
|  37|0x0000000704100000, 0x0000000704100000, 0x0000000704200000|  0%| F|  |TAMS 0x0000000704100000, 0x0000000704100000| Untracked 
|  38|0x0000000704200000, 0x0000000704200000, 0x0000000704300000|  0%| F|  |TAMS 0x0000000704200000, 0x0000000704200000| Untracked 
|  39|0x0000000704300000, 0x0000000704300000, 0x0000000704400000|  0%| F|  |TAMS 0x0000000704300000, 0x0000000704300000| Untracked 
|  40|0x0000000704400000, 0x0000000704400000, 0x0000000704500000|  0%| F|  |TAMS 0x0000000704400000, 0x0000000704400000| Untracked 
|  41|0x0000000704500000, 0x0000000704500000, 0x0000000704600000|  0%| F|  |TAMS 0x0000000704500000, 0x0000000704500000| Untracked 
|  42|0x0000000704600000, 0x0000000704600000, 0x0000000704700000|  0%| F|  |TAMS 0x0000000704600000, 0x0000000704600000| Untracked 
|  43|0x0000000704700000, 0x0000000704700000, 0x0000000704800000|  0%| F|  |TAMS 0x0000000704700000, 0x0000000704700000| Untracked 
|  44|0x0000000704800000, 0x0000000704800000, 0x0000000704900000|  0%| F|  |TAMS 0x0000000704800000, 0x0000000704800000| Untracked 
|  45|0x0000000704900000, 0x0000000704900000, 0x0000000704a00000|  0%| F|  |TAMS 0x0000000704900000, 0x0000000704900000| Untracked 
|  46|0x0000000704a00000, 0x0000000704a00000, 0x0000000704b00000|  0%| F|  |TAMS 0x0000000704a00000, 0x0000000704a00000| Untracked 
|  47|0x0000000704b00000, 0x0000000704b00000, 0x0000000704c00000|  0%| F|  |TAMS 0x0000000704b00000, 0x0000000704b00000| Untracked 
|  48|0x0000000704c00000, 0x0000000704c00000, 0x0000000704d00000|  0%| F|  |TAMS 0x0000000704c00000, 0x0000000704c00000| Untracked 
|  49|0x0000000704d00000, 0x0000000704d00000, 0x0000000704e00000|  0%| F|  |TAMS 0x0000000704d00000, 0x0000000704d00000| Untracked 
|  50|0x0000000704e00000, 0x0000000704e00000, 0x0000000704f00000|  0%| F|  |TAMS 0x0000000704e00000, 0x0000000704e00000| Untracked 
|  51|0x0000000704f00000, 0x0000000704f00000, 0x0000000705000000|  0%| F|  |TAMS 0x0000000704f00000, 0x0000000704f00000| Untracked 
|  52|0x0000000705000000, 0x0000000705000000, 0x0000000705100000|  0%| F|  |TAMS 0x0000000705000000, 0x0000000705000000| Untracked 
|  53|0x0000000705100000, 0x0000000705100000, 0x0000000705200000|  0%| F|  |TAMS 0x0000000705100000, 0x0000000705100000| Untracked 
|  54|0x0000000705200000, 0x0000000705200000, 0x0000000705300000|  0%| F|  |TAMS 0x0000000705200000, 0x0000000705200000| Untracked 
|  55|0x0000000705300000, 0x0000000705300000, 0x0000000705400000|  0%| F|  |TAMS 0x0000000705300000, 0x0000000705300000| Untracked 
|  56|0x0000000705400000, 0x0000000705400000, 0x0000000705500000|  0%| F|  |TAMS 0x0000000705400000, 0x0000000705400000| Untracked 
|  57|0x0000000705500000, 0x0000000705500000, 0x0000000705600000|  0%| F|  |TAMS 0x0000000705500000, 0x0000000705500000| Untracked 
|  58|0x0000000705600000, 0x0000000705600000, 0x0000000705700000|  0%| F|  |TAMS 0x0000000705600000, 0x0000000705600000| Untracked 
|  59|0x0000000705700000, 0x0000000705700000, 0x0000000705800000|  0%| F|  |TAMS 0x0000000705700000, 0x0000000705700000| Untracked 
|  60|0x0000000705800000, 0x0000000705800000, 0x0000000705900000|  0%| F|  |TAMS 0x0000000705800000, 0x0000000705800000| Untracked 
|  61|0x0000000705900000, 0x0000000705900000, 0x0000000705a00000|  0%| F|  |TAMS 0x0000000705900000, 0x0000000705900000| Untracked 
|  62|0x0000000705a00000, 0x0000000705a00000, 0x0000000705b00000|  0%| F|  |TAMS 0x0000000705a00000, 0x0000000705a00000| Untracked 
|  63|0x0000000705b00000, 0x0000000705b00000, 0x0000000705c00000|  0%| F|  |TAMS 0x0000000705b00000, 0x0000000705b00000| Untracked 
|  64|0x0000000705c00000, 0x0000000705c00000, 0x0000000705d00000|  0%| F|  |TAMS 0x0000000705c00000, 0x0000000705c00000| Untracked 
|  65|0x0000000705d00000, 0x0000000705d00000, 0x0000000705e00000|  0%| F|  |TAMS 0x0000000705d00000, 0x0000000705d00000| Untracked 
|  66|0x0000000705e00000, 0x0000000705e00000, 0x0000000705f00000|  0%| F|  |TAMS 0x0000000705e00000, 0x0000000705e00000| Untracked 
|  67|0x0000000705f00000, 0x0000000705f00000, 0x0000000706000000|  0%| F|  |TAMS 0x0000000705f00000, 0x0000000705f00000| Untracked 
|  68|0x0000000706000000, 0x0000000706000000, 0x0000000706100000|  0%| F|  |TAMS 0x0000000706000000, 0x0000000706000000| Untracked 
|  69|0x0000000706100000, 0x0000000706100000, 0x0000000706200000|  0%| F|  |TAMS 0x0000000706100000, 0x0000000706100000| Untracked 
|  70|0x0000000706200000, 0x0000000706200000, 0x0000000706300000|  0%| F|  |TAMS 0x0000000706200000, 0x0000000706200000| Untracked 
|  71|0x0000000706300000, 0x0000000706300000, 0x0000000706400000|  0%| F|  |TAMS 0x0000000706300000, 0x0000000706300000| Untracked 
|  72|0x0000000706400000, 0x0000000706400000, 0x0000000706500000|  0%| F|  |TAMS 0x0000000706400000, 0x0000000706400000| Untracked 
|  73|0x0000000706500000, 0x0000000706500000, 0x0000000706600000|  0%| F|  |TAMS 0x0000000706500000, 0x0000000706500000| Untracked 
|  74|0x0000000706600000, 0x0000000706600000, 0x0000000706700000|  0%| F|  |TAMS 0x0000000706600000, 0x0000000706600000| Untracked 
|  75|0x0000000706700000, 0x0000000706700000, 0x0000000706800000|  0%| F|  |TAMS 0x0000000706700000, 0x0000000706700000| Untracked 
|  76|0x0000000706800000, 0x0000000706800000, 0x0000000706900000|  0%| F|  |TAMS 0x0000000706800000, 0x0000000706800000| Untracked 
|  77|0x0000000706900000, 0x0000000706900000, 0x0000000706a00000|  0%| F|  |TAMS 0x0000000706900000, 0x0000000706900000| Untracked 
|  78|0x0000000706a00000, 0x0000000706a00000, 0x0000000706b00000|  0%| F|  |TAMS 0x0000000706a00000, 0x0000000706a00000| Untracked 
|  79|0x0000000706b00000, 0x0000000706b00000, 0x0000000706c00000|  0%| F|  |TAMS 0x0000000706b00000, 0x0000000706b00000| Untracked 
|  80|0x0000000706c00000, 0x0000000706c00000, 0x0000000706d00000|  0%| F|  |TAMS 0x0000000706c00000, 0x0000000706c00000| Untracked 
|  81|0x0000000706d00000, 0x0000000706d00000, 0x0000000706e00000|  0%| F|  |TAMS 0x0000000706d00000, 0x0000000706d00000| Untracked 
|  82|0x0000000706e00000, 0x0000000706e00000, 0x0000000706f00000|  0%| F|  |TAMS 0x0000000706e00000, 0x0000000706e00000| Untracked 
|  83|0x0000000706f00000, 0x0000000706f00000, 0x0000000707000000|  0%| F|  |TAMS 0x0000000706f00000, 0x0000000706f00000| Untracked 
|  84|0x0000000707000000, 0x0000000707000000, 0x0000000707100000|  0%| F|  |TAMS 0x0000000707000000, 0x0000000707000000| Untracked 
|  85|0x0000000707100000, 0x0000000707100000, 0x0000000707200000|  0%| F|  |TAMS 0x0000000707100000, 0x0000000707100000| Untracked 
|  86|0x0000000707200000, 0x0000000707200000, 0x0000000707300000|  0%| F|  |TAMS 0x0000000707200000, 0x0000000707200000| Untracked 
|  87|0x0000000707300000, 0x0000000707300000, 0x0000000707400000|  0%| F|  |TAMS 0x0000000707300000, 0x0000000707300000| Untracked 
|  88|0x0000000707400000, 0x0000000707400000, 0x0000000707500000|  0%| F|  |TAMS 0x0000000707400000, 0x0000000707400000| Untracked 
|  89|0x0000000707500000, 0x0000000707500000, 0x0000000707600000|  0%| F|  |TAMS 0x0000000707500000, 0x0000000707500000| Untracked 
|  90|0x0000000707600000, 0x0000000707600000, 0x0000000707700000|  0%| F|  |TAMS 0x0000000707600000, 0x0000000707600000| Untracked 
|  91|0x0000000707700000, 0x0000000707700000, 0x0000000707800000|  0%| F|  |TAMS 0x0000000707700000, 0x0000000707700000| Untracked 
|  92|0x0000000707800000, 0x0000000707800000, 0x0000000707900000|  0%| F|  |TAMS 0x0000000707800000, 0x0000000707800000| Untracked 
|  93|0x0000000707900000, 0x0000000707900000, 0x0000000707a00000|  0%| F|  |TAMS 0x0000000707900000, 0x0000000707900000| Untracked 
|  94|0x0000000707a00000, 0x0000000707a00000, 0x0000000707b00000|  0%| F|  |TAMS 0x0000000707a00000, 0x0000000707a00000| Untracked 
|  95|0x0000000707b00000, 0x0000000707b00000, 0x0000000707c00000|  0%| F|  |TAMS 0x0000000707b00000, 0x0000000707b00000| Untracked 
|  96|0x0000000707c00000, 0x0000000707c00000, 0x0000000707d00000|  0%| F|  |TAMS 0x0000000707c00000, 0x0000000707c00000| Untracked 
|  97|0x0000000707d00000, 0x0000000707d00000, 0x0000000707e00000|  0%| F|  |TAMS 0x0000000707d00000, 0x0000000707d00000| Untracked 
|  98|0x0000000707e00000, 0x0000000707e00000, 0x0000000707f00000|  0%| F|  |TAMS 0x0000000707e00000, 0x0000000707e00000| Untracked 
|  99|0x0000000707f00000, 0x0000000707f00000, 0x0000000708000000|  0%| F|  |TAMS 0x0000000707f00000, 0x0000000707f00000| Untracked 
| 100|0x0000000708000000, 0x0000000708000000, 0x0000000708100000|  0%| F|  |TAMS 0x0000000708000000, 0x0000000708000000| Untracked 
| 101|0x0000000708100000, 0x0000000708100000, 0x0000000708200000|  0%| F|  |TAMS 0x0000000708100000, 0x0000000708100000| Untracked 
| 102|0x0000000708200000, 0x0000000708200000, 0x0000000708300000|  0%| F|  |TAMS 0x0000000708200000, 0x0000000708200000| Untracked 
| 103|0x0000000708300000, 0x0000000708300000, 0x0000000708400000|  0%| F|  |TAMS 0x0000000708300000, 0x0000000708300000| Untracked 
| 104|0x0000000708400000, 0x0000000708400000, 0x0000000708500000|  0%| F|  |TAMS 0x0000000708400000, 0x0000000708400000| Untracked 
| 105|0x0000000708500000, 0x0000000708500000, 0x0000000708600000|  0%| F|  |TAMS 0x0000000708500000, 0x0000000708500000| Untracked 
| 106|0x0000000708600000, 0x0000000708600000, 0x0000000708700000|  0%| F|  |TAMS 0x0000000708600000, 0x0000000708600000| Untracked 
| 107|0x0000000708700000, 0x0000000708700000, 0x0000000708800000|  0%| F|  |TAMS 0x0000000708700000, 0x0000000708700000| Untracked 
| 108|0x0000000708800000, 0x0000000708800000, 0x0000000708900000|  0%| F|  |TAMS 0x0000000708800000, 0x0000000708800000| Untracked 
| 109|0x0000000708900000, 0x0000000708900000, 0x0000000708a00000|  0%| F|  |TAMS 0x0000000708900000, 0x0000000708900000| Untracked 
| 110|0x0000000708a00000, 0x0000000708a00000, 0x0000000708b00000|  0%| F|  |TAMS 0x0000000708a00000, 0x0000000708a00000| Untracked 
| 111|0x0000000708b00000, 0x0000000708b00000, 0x0000000708c00000|  0%| F|  |TAMS 0x0000000708b00000, 0x0000000708b00000| Untracked 
| 112|0x0000000708c00000, 0x0000000708c00000, 0x0000000708d00000|  0%| F|  |TAMS 0x0000000708c00000, 0x0000000708c00000| Untracked 
| 113|0x0000000708d00000, 0x0000000708d00000, 0x0000000708e00000|  0%| F|  |TAMS 0x0000000708d00000, 0x0000000708d00000| Untracked 
| 114|0x0000000708e00000, 0x0000000708e00000, 0x0000000708f00000|  0%| F|  |TAMS 0x0000000708e00000, 0x0000000708e00000| Untracked 
| 115|0x0000000708f00000, 0x0000000708f00000, 0x0000000709000000|  0%| F|  |TAMS 0x0000000708f00000, 0x0000000708f00000| Untracked 
| 116|0x0000000709000000, 0x0000000709000000, 0x0000000709100000|  0%| F|  |TAMS 0x0000000709000000, 0x0000000709000000| Untracked 
| 117|0x0000000709100000, 0x0000000709100000, 0x0000000709200000|  0%| F|  |TAMS 0x0000000709100000, 0x0000000709100000| Untracked 
| 118|0x0000000709200000, 0x0000000709200000, 0x0000000709300000|  0%| F|  |TAMS 0x0000000709200000, 0x0000000709200000| Untracked 
| 119|0x0000000709300000, 0x0000000709300000, 0x0000000709400000|  0%| F|  |TAMS 0x0000000709300000, 0x0000000709300000| Untracked 
| 120|0x0000000709400000, 0x0000000709400000, 0x0000000709500000|  0%| F|  |TAMS 0x0000000709400000, 0x0000000709400000| Untracked 
| 121|0x0000000709500000, 0x0000000709500000, 0x0000000709600000|  0%| F|  |TAMS 0x0000000709500000, 0x0000000709500000| Untracked 
| 122|0x0000000709600000, 0x0000000709600000, 0x0000000709700000|  0%| F|  |TAMS 0x0000000709600000, 0x0000000709600000| Untracked 
| 123|0x0000000709700000, 0x0000000709700000, 0x0000000709800000|  0%| F|  |TAMS 0x0000000709700000, 0x0000000709700000| Untracked 
| 124|0x0000000709800000, 0x0000000709800000, 0x0000000709900000|  0%| F|  |TAMS 0x0000000709800000, 0x0000000709800000| Untracked 
| 125|0x0000000709900000, 0x0000000709900000, 0x0000000709a00000|  0%| F|  |TAMS 0x0000000709900000, 0x0000000709900000| Untracked 
| 126|0x0000000709a00000, 0x0000000709a00000, 0x0000000709b00000|  0%| F|  |TAMS 0x0000000709a00000, 0x0000000709a00000| Untracked 
| 127|0x0000000709b00000, 0x0000000709b00000, 0x0000000709c00000|  0%| F|  |TAMS 0x0000000709b00000, 0x0000000709b00000| Untracked 
| 128|0x0000000709c00000, 0x0000000709c00000, 0x0000000709d00000|  0%| F|  |TAMS 0x0000000709c00000, 0x0000000709c00000| Untracked 
| 129|0x0000000709d00000, 0x0000000709d00000, 0x0000000709e00000|  0%| F|  |TAMS 0x0000000709d00000, 0x0000000709d00000| Untracked 
| 130|0x0000000709e00000, 0x0000000709e00000, 0x0000000709f00000|  0%| F|  |TAMS 0x0000000709e00000, 0x0000000709e00000| Untracked 
| 131|0x0000000709f00000, 0x0000000709f00000, 0x000000070a000000|  0%| F|  |TAMS 0x0000000709f00000, 0x0000000709f00000| Untracked 
| 132|0x000000070a000000, 0x000000070a000000, 0x000000070a100000|  0%| F|  |TAMS 0x000000070a000000, 0x000000070a000000| Untracked 
| 133|0x000000070a100000, 0x000000070a100000, 0x000000070a200000|  0%| F|  |TAMS 0x000000070a100000, 0x000000070a100000| Untracked 
| 134|0x000000070a200000, 0x000000070a200000, 0x000000070a300000|  0%| F|  |TAMS 0x000000070a200000, 0x000000070a200000| Untracked 
| 135|0x000000070a300000, 0x000000070a300000, 0x000000070a400000|  0%| F|  |TAMS 0x000000070a300000, 0x000000070a300000| Untracked 
| 136|0x000000070a400000, 0x000000070a400000, 0x000000070a500000|  0%| F|  |TAMS 0x000000070a400000, 0x000000070a400000| Untracked 
| 137|0x000000070a500000, 0x000000070a500000, 0x000000070a600000|  0%| F|  |TAMS 0x000000070a500000, 0x000000070a500000| Untracked 
| 138|0x000000070a600000, 0x000000070a600000, 0x000000070a700000|  0%| F|  |TAMS 0x000000070a600000, 0x000000070a600000| Untracked 
| 139|0x000000070a700000, 0x000000070a700000, 0x000000070a800000|  0%| F|  |TAMS 0x000000070a700000, 0x000000070a700000| Untracked 
| 140|0x000000070a800000, 0x000000070a800000, 0x000000070a900000|  0%| F|  |TAMS 0x000000070a800000, 0x000000070a800000| Untracked 
| 141|0x000000070a900000, 0x000000070a900000, 0x000000070aa00000|  0%| F|  |TAMS 0x000000070a900000, 0x000000070a900000| Untracked 
| 142|0x000000070aa00000, 0x000000070aa00000, 0x000000070ab00000|  0%| F|  |TAMS 0x000000070aa00000, 0x000000070aa00000| Untracked 
| 143|0x000000070ab00000, 0x000000070ab00000, 0x000000070ac00000|  0%| F|  |TAMS 0x000000070ab00000, 0x000000070ab00000| Untracked 
| 144|0x000000070ac00000, 0x000000070ac00000, 0x000000070ad00000|  0%| F|  |TAMS 0x000000070ac00000, 0x000000070ac00000| Untracked 
| 145|0x000000070ad00000, 0x000000070ad00000, 0x000000070ae00000|  0%| F|  |TAMS 0x000000070ad00000, 0x000000070ad00000| Untracked 
| 146|0x000000070ae00000, 0x000000070ae00000, 0x000000070af00000|  0%| F|  |TAMS 0x000000070ae00000, 0x000000070ae00000| Untracked 
| 147|0x000000070af00000, 0x000000070af00000, 0x000000070b000000|  0%| F|  |TAMS 0x000000070af00000, 0x000000070af00000| Untracked 
| 148|0x000000070b000000, 0x000000070b000000, 0x000000070b100000|  0%| F|  |TAMS 0x000000070b000000, 0x000000070b000000| Untracked 
| 149|0x000000070b100000, 0x000000070b100000, 0x000000070b200000|  0%| F|  |TAMS 0x000000070b100000, 0x000000070b100000| Untracked 
| 150|0x000000070b200000, 0x000000070b200000, 0x000000070b300000|  0%| F|  |TAMS 0x000000070b200000, 0x000000070b200000| Untracked 
| 151|0x000000070b300000, 0x000000070b300000, 0x000000070b400000|  0%| F|  |TAMS 0x000000070b300000, 0x000000070b300000| Untracked 
| 152|0x000000070b400000, 0x000000070b400000, 0x000000070b500000|  0%| F|  |TAMS 0x000000070b400000, 0x000000070b400000| Untracked 
| 153|0x000000070b500000, 0x000000070b500000, 0x000000070b600000|  0%| F|  |TAMS 0x000000070b500000, 0x000000070b500000| Untracked 
| 154|0x000000070b600000, 0x000000070b600000, 0x000000070b700000|  0%| F|  |TAMS 0x000000070b600000, 0x000000070b600000| Untracked 
| 155|0x000000070b700000, 0x000000070b700000, 0x000000070b800000|  0%| F|  |TAMS 0x000000070b700000, 0x000000070b700000| Untracked 
| 156|0x000000070b800000, 0x000000070b800000, 0x000000070b900000|  0%| F|  |TAMS 0x000000070b800000, 0x000000070b800000| Untracked 
| 157|0x000000070b900000, 0x000000070b900000, 0x000000070ba00000|  0%| F|  |TAMS 0x000000070b900000, 0x000000070b900000| Untracked 
| 158|0x000000070ba00000, 0x000000070ba00000, 0x000000070bb00000|  0%| F|  |TAMS 0x000000070ba00000, 0x000000070ba00000| Untracked 
| 159|0x000000070bb00000, 0x000000070bb00000, 0x000000070bc00000|  0%| F|  |TAMS 0x000000070bb00000, 0x000000070bb00000| Untracked 
| 160|0x000000070bc00000, 0x000000070bc00000, 0x000000070bd00000|  0%| F|  |TAMS 0x000000070bc00000, 0x000000070bc00000| Untracked 
| 161|0x000000070bd00000, 0x000000070bd00000, 0x000000070be00000|  0%| F|  |TAMS 0x000000070bd00000, 0x000000070bd00000| Untracked 
| 162|0x000000070be00000, 0x000000070be00000, 0x000000070bf00000|  0%| F|  |TAMS 0x000000070be00000, 0x000000070be00000| Untracked 
| 163|0x000000070bf00000, 0x000000070bf00000, 0x000000070c000000|  0%| F|  |TAMS 0x000000070bf00000, 0x000000070bf00000| Untracked 
| 164|0x000000070c000000, 0x000000070c000000, 0x000000070c100000|  0%| F|  |TAMS 0x000000070c000000, 0x000000070c000000| Untracked 
| 165|0x000000070c100000, 0x000000070c100000, 0x000000070c200000|  0%| F|  |TAMS 0x000000070c100000, 0x000000070c100000| Untracked 
| 166|0x000000070c200000, 0x000000070c200000, 0x000000070c300000|  0%| F|  |TAMS 0x000000070c200000, 0x000000070c200000| Untracked 
| 167|0x000000070c300000, 0x000000070c300000, 0x000000070c400000|  0%| F|  |TAMS 0x000000070c300000, 0x000000070c300000| Untracked 
| 168|0x000000070c400000, 0x000000070c400000, 0x000000070c500000|  0%| F|  |TAMS 0x000000070c400000, 0x000000070c400000| Untracked 
| 169|0x000000070c500000, 0x000000070c500000, 0x000000070c600000|  0%| F|  |TAMS 0x000000070c500000, 0x000000070c500000| Untracked 
| 170|0x000000070c600000, 0x000000070c600000, 0x000000070c700000|  0%| F|  |TAMS 0x000000070c600000, 0x000000070c600000| Untracked 
| 171|0x000000070c700000, 0x000000070c700000, 0x000000070c800000|  0%| F|  |TAMS 0x000000070c700000, 0x000000070c700000| Untracked 
| 172|0x000000070c800000, 0x000000070c800000, 0x000000070c900000|  0%| F|  |TAMS 0x000000070c800000, 0x000000070c800000| Untracked 
| 173|0x000000070c900000, 0x000000070c900000, 0x000000070ca00000|  0%| F|  |TAMS 0x000000070c900000, 0x000000070c900000| Untracked 
| 174|0x000000070ca00000, 0x000000070ca00000, 0x000000070cb00000|  0%| F|  |TAMS 0x000000070ca00000, 0x000000070ca00000| Untracked 
| 175|0x000000070cb00000, 0x000000070cb00000, 0x000000070cc00000|  0%| F|  |TAMS 0x000000070cb00000, 0x000000070cb00000| Untracked 
| 176|0x000000070cc00000, 0x000000070cc00000, 0x000000070cd00000|  0%| F|  |TAMS 0x000000070cc00000, 0x000000070cc00000| Untracked 
| 177|0x000000070cd00000, 0x000000070cd00000, 0x000000070ce00000|  0%| F|  |TAMS 0x000000070cd00000, 0x000000070cd00000| Untracked 
| 178|0x000000070ce00000, 0x000000070ce00000, 0x000000070cf00000|  0%| F|  |TAMS 0x000000070ce00000, 0x000000070ce00000| Untracked 
| 179|0x000000070cf00000, 0x000000070cf00000, 0x000000070d000000|  0%| F|  |TAMS 0x000000070cf00000, 0x000000070cf00000| Untracked 
| 180|0x000000070d000000, 0x000000070d000000, 0x000000070d100000|  0%| F|  |TAMS 0x000000070d000000, 0x000000070d000000| Untracked 
| 181|0x000000070d100000, 0x000000070d100000, 0x000000070d200000|  0%| F|  |TAMS 0x000000070d100000, 0x000000070d100000| Untracked 
| 182|0x000000070d200000, 0x000000070d200000, 0x000000070d300000|  0%| F|  |TAMS 0x000000070d200000, 0x000000070d200000| Untracked 
| 183|0x000000070d300000, 0x000000070d300000, 0x000000070d400000|  0%| F|  |TAMS 0x000000070d300000, 0x000000070d300000| Untracked 
| 184|0x000000070d400000, 0x000000070d400000, 0x000000070d500000|  0%| F|  |TAMS 0x000000070d400000, 0x000000070d400000| Untracked 
| 185|0x000000070d500000, 0x000000070d500000, 0x000000070d600000|  0%| F|  |TAMS 0x000000070d500000, 0x000000070d500000| Untracked 
| 186|0x000000070d600000, 0x000000070d600000, 0x000000070d700000|  0%| F|  |TAMS 0x000000070d600000, 0x000000070d600000| Untracked 
| 187|0x000000070d700000, 0x000000070d700000, 0x000000070d800000|  0%| F|  |TAMS 0x000000070d700000, 0x000000070d700000| Untracked 
| 188|0x000000070d800000, 0x000000070d800000, 0x000000070d900000|  0%| F|  |TAMS 0x000000070d800000, 0x000000070d800000| Untracked 
| 189|0x000000070d900000, 0x000000070d900000, 0x000000070da00000|  0%| F|  |TAMS 0x000000070d900000, 0x000000070d900000| Untracked 
| 190|0x000000070da00000, 0x000000070da00000, 0x000000070db00000|  0%| F|  |TAMS 0x000000070da00000, 0x000000070da00000| Untracked 
| 191|0x000000070db00000, 0x000000070db00000, 0x000000070dc00000|  0%| F|  |TAMS 0x000000070db00000, 0x000000070db00000| Untracked 
| 192|0x000000070dc00000, 0x000000070dc00000, 0x000000070dd00000|  0%| F|  |TAMS 0x000000070dc00000, 0x000000070dc00000| Untracked 
| 193|0x000000070dd00000, 0x000000070dd00000, 0x000000070de00000|  0%| F|  |TAMS 0x000000070dd00000, 0x000000070dd00000| Untracked 
| 194|0x000000070de00000, 0x000000070de00000, 0x000000070df00000|  0%| F|  |TAMS 0x000000070de00000, 0x000000070de00000| Untracked 
| 195|0x000000070df00000, 0x000000070df00000, 0x000000070e000000|  0%| F|  |TAMS 0x000000070df00000, 0x000000070df00000| Untracked 
| 196|0x000000070e000000, 0x000000070e000000, 0x000000070e100000|  0%| F|  |TAMS 0x000000070e000000, 0x000000070e000000| Untracked 
| 197|0x000000070e100000, 0x000000070e100000, 0x000000070e200000|  0%| F|  |TAMS 0x000000070e100000, 0x000000070e100000| Untracked 
| 198|0x000000070e200000, 0x000000070e200000, 0x000000070e300000|  0%| F|  |TAMS 0x000000070e200000, 0x000000070e200000| Untracked 
| 199|0x000000070e300000, 0x000000070e300000, 0x000000070e400000|  0%| F|  |TAMS 0x000000070e300000, 0x000000070e300000| Untracked 
| 200|0x000000070e400000, 0x000000070e400000, 0x000000070e500000|  0%| F|  |TAMS 0x000000070e400000, 0x000000070e400000| Untracked 
| 201|0x000000070e500000, 0x000000070e538460, 0x000000070e600000| 21%| S|CS|TAMS 0x000000070e500000, 0x000000070e500000| Complete 
| 202|0x000000070e600000, 0x000000070e700000, 0x000000070e700000|100%| S|CS|TAMS 0x000000070e600000, 0x000000070e600000| Complete 
| 203|0x000000070e700000, 0x000000070e800000, 0x000000070e800000|100%| S|CS|TAMS 0x000000070e700000, 0x000000070e700000| Complete 
| 204|0x000000070e800000, 0x000000070e900000, 0x000000070e900000|100%| S|CS|TAMS 0x000000070e800000, 0x000000070e800000| Complete 
| 205|0x000000070e900000, 0x000000070ea00000, 0x000000070ea00000|100%| S|CS|TAMS 0x000000070e900000, 0x000000070e900000| Complete 
| 206|0x000000070ea00000, 0x000000070eb00000, 0x000000070eb00000|100%| S|CS|TAMS 0x000000070ea00000, 0x000000070ea00000| Complete 
| 207|0x000000070eb00000, 0x000000070ec00000, 0x000000070ec00000|100%| S|CS|TAMS 0x000000070eb00000, 0x000000070eb00000| Complete 
| 208|0x000000070ec00000, 0x000000070ec00000, 0x000000070ed00000|  0%| F|  |TAMS 0x000000070ec00000, 0x000000070ec00000| Untracked 
| 209|0x000000070ed00000, 0x000000070ed00000, 0x000000070ee00000|  0%| F|  |TAMS 0x000000070ed00000, 0x000000070ed00000| Untracked 
| 210|0x000000070ee00000, 0x000000070ee00000, 0x000000070ef00000|  0%| F|  |TAMS 0x000000070ee00000, 0x000000070ee00000| Untracked 
| 211|0x000000070ef00000, 0x000000070ef00000, 0x000000070f000000|  0%| F|  |TAMS 0x000000070ef00000, 0x000000070ef00000| Untracked 
| 212|0x000000070f000000, 0x000000070f000000, 0x000000070f100000|  0%| F|  |TAMS 0x000000070f000000, 0x000000070f000000| Untracked 
| 213|0x000000070f100000, 0x000000070f100000, 0x000000070f200000|  0%| F|  |TAMS 0x000000070f100000, 0x000000070f100000| Untracked 
| 214|0x000000070f200000, 0x000000070f200000, 0x000000070f300000|  0%| F|  |TAMS 0x000000070f200000, 0x000000070f200000| Untracked 
| 215|0x000000070f300000, 0x000000070f300000, 0x000000070f400000|  0%| F|  |TAMS 0x000000070f300000, 0x000000070f300000| Untracked 
| 216|0x000000070f400000, 0x000000070f400000, 0x000000070f500000|  0%| F|  |TAMS 0x000000070f400000, 0x000000070f400000| Untracked 
| 217|0x000000070f500000, 0x000000070f500000, 0x000000070f600000|  0%| F|  |TAMS 0x000000070f500000, 0x000000070f500000| Untracked 
| 218|0x000000070f600000, 0x000000070f600000, 0x000000070f700000|  0%| F|  |TAMS 0x000000070f600000, 0x000000070f600000| Untracked 
| 219|0x000000070f700000, 0x000000070f700000, 0x000000070f800000|  0%| F|  |TAMS 0x000000070f700000, 0x000000070f700000| Untracked 
| 220|0x000000070f800000, 0x000000070f800000, 0x000000070f900000|  0%| F|  |TAMS 0x000000070f800000, 0x000000070f800000| Untracked 
| 221|0x000000070f900000, 0x000000070f900000, 0x000000070fa00000|  0%| F|  |TAMS 0x000000070f900000, 0x000000070f900000| Untracked 
| 222|0x000000070fa00000, 0x000000070fa00000, 0x000000070fb00000|  0%| F|  |TAMS 0x000000070fa00000, 0x000000070fa00000| Untracked 
| 223|0x000000070fb00000, 0x000000070fb00000, 0x000000070fc00000|  0%| F|  |TAMS 0x000000070fb00000, 0x000000070fb00000| Untracked 
| 224|0x000000070fc00000, 0x000000070fc80800, 0x000000070fd00000| 50%| E|  |TAMS 0x000000070fc00000, 0x000000070fc00000| Complete 
| 225|0x000000070fd00000, 0x000000070fe00000, 0x000000070fe00000|100%| E|CS|TAMS 0x000000070fd00000, 0x000000070fd00000| Complete 
| 226|0x000000070fe00000, 0x000000070ff00000, 0x000000070ff00000|100%| E|CS|TAMS 0x000000070fe00000, 0x000000070fe00000| Complete 
| 227|0x000000070ff00000, 0x0000000710000000, 0x0000000710000000|100%| E|CS|TAMS 0x000000070ff00000, 0x000000070ff00000| Complete 
| 228|0x0000000710000000, 0x0000000710100000, 0x0000000710100000|100%| E|CS|TAMS 0x0000000710000000, 0x0000000710000000| Complete 
| 229|0x0000000710100000, 0x0000000710200000, 0x0000000710200000|100%| E|CS|TAMS 0x0000000710100000, 0x0000000710100000| Complete 
| 230|0x0000000710200000, 0x0000000710300000, 0x0000000710300000|100%| E|CS|TAMS 0x0000000710200000, 0x0000000710200000| Complete 
| 231|0x0000000710300000, 0x0000000710400000, 0x0000000710400000|100%| E|CS|TAMS 0x0000000710300000, 0x0000000710300000| Complete 
| 232|0x0000000710400000, 0x0000000710500000, 0x0000000710500000|100%| E|CS|TAMS 0x0000000710400000, 0x0000000710400000| Complete 
| 233|0x0000000710500000, 0x0000000710600000, 0x0000000710600000|100%| E|CS|TAMS 0x0000000710500000, 0x0000000710500000| Complete 
| 234|0x0000000710600000, 0x0000000710700000, 0x0000000710700000|100%| E|CS|TAMS 0x0000000710600000, 0x0000000710600000| Complete 
| 235|0x0000000710700000, 0x0000000710800000, 0x0000000710800000|100%| E|CS|TAMS 0x0000000710700000, 0x0000000710700000| Complete 
| 236|0x0000000710800000, 0x0000000710900000, 0x0000000710900000|100%| E|CS|TAMS 0x0000000710800000, 0x0000000710800000| Complete 
| 237|0x0000000710900000, 0x0000000710a00000, 0x0000000710a00000|100%| E|CS|TAMS 0x0000000710900000, 0x0000000710900000| Complete 
| 238|0x0000000710a00000, 0x0000000710b00000, 0x0000000710b00000|100%| E|CS|TAMS 0x0000000710a00000, 0x0000000710a00000| Complete 
| 239|0x0000000710b00000, 0x0000000710c00000, 0x0000000710c00000|100%| E|CS|TAMS 0x0000000710b00000, 0x0000000710b00000| Complete 
| 240|0x0000000710c00000, 0x0000000710d00000, 0x0000000710d00000|100%| E|CS|TAMS 0x0000000710c00000, 0x0000000710c00000| Complete 
| 241|0x0000000710d00000, 0x0000000710e00000, 0x0000000710e00000|100%| E|CS|TAMS 0x0000000710d00000, 0x0000000710d00000| Complete 
| 242|0x0000000710e00000, 0x0000000710f00000, 0x0000000710f00000|100%| E|CS|TAMS 0x0000000710e00000, 0x0000000710e00000| Complete 
| 243|0x0000000710f00000, 0x0000000711000000, 0x0000000711000000|100%| E|CS|TAMS 0x0000000710f00000, 0x0000000710f00000| Complete 
| 244|0x0000000711000000, 0x0000000711100000, 0x0000000711100000|100%| E|CS|TAMS 0x0000000711000000, 0x0000000711000000| Complete 
| 245|0x0000000711100000, 0x0000000711200000, 0x0000000711200000|100%| E|CS|TAMS 0x0000000711100000, 0x0000000711100000| Complete 
| 246|0x0000000711200000, 0x0000000711300000, 0x0000000711300000|100%| E|CS|TAMS 0x0000000711200000, 0x0000000711200000| Complete 
| 247|0x0000000711300000, 0x0000000711400000, 0x0000000711400000|100%| E|CS|TAMS 0x0000000711300000, 0x0000000711300000| Complete 
| 248|0x0000000711400000, 0x0000000711500000, 0x0000000711500000|100%| E|CS|TAMS 0x0000000711400000, 0x0000000711400000| Complete 
| 249|0x0000000711500000, 0x0000000711600000, 0x0000000711600000|100%| E|CS|TAMS 0x0000000711500000, 0x0000000711500000| Complete 
| 250|0x0000000711600000, 0x0000000711700000, 0x0000000711700000|100%| E|CS|TAMS 0x0000000711600000, 0x0000000711600000| Complete 
| 251|0x0000000711700000, 0x0000000711800000, 0x0000000711800000|100%| E|CS|TAMS 0x0000000711700000, 0x0000000711700000| Complete 
| 252|0x0000000711800000, 0x0000000711900000, 0x0000000711900000|100%| E|CS|TAMS 0x0000000711800000, 0x0000000711800000| Complete 
| 253|0x0000000711900000, 0x0000000711a00000, 0x0000000711a00000|100%| E|CS|TAMS 0x0000000711900000, 0x0000000711900000| Complete 
| 254|0x0000000711a00000, 0x0000000711b00000, 0x0000000711b00000|100%| E|CS|TAMS 0x0000000711a00000, 0x0000000711a00000| Complete 
| 255|0x0000000711b00000, 0x0000000711c00000, 0x0000000711c00000|100%| E|CS|TAMS 0x0000000711b00000, 0x0000000711b00000| Complete 

Card table byte_map: [0x000002056bb40000,0x000002056c340000] _byte_map_base: 0x0000020568332000

Marking Bits (Prev, Next): (CMBitMap*) 0x0000020558a1c4d0, (CMBitMap*) 0x0000020558a1c498
 Prev Bits: [0x0000020570ad0000, 0x0000020574a60000)
 Next Bits: [0x000002056cb40000, 0x0000020570ad0000)

Polling page: 0x00000205581a0000

Metaspace:

Usage:
  Non-class:     25.79 MB capacity,    25.50 MB ( 99%) used,   245.16 KB ( <1%) free+waste,    44.50 KB ( <1%) overhead. 
      Class:      3.59 MB capacity,     3.42 MB ( 95%) used,   155.25 KB (  4%) free+waste,    20.63 KB ( <1%) overhead. 
       Both:     29.37 MB capacity,    28.92 MB ( 98%) used,   400.41 KB (  1%) free+waste,    65.13 KB ( <1%) overhead. 

Virtual space:
  Non-class space:       26.00 MB reserved,      26.00 MB (>99%) committed 
      Class space:        1.00 GB reserved,       3.63 MB ( <1%) committed 
             Both:        1.03 GB reserved,      29.62 MB (  3%) committed 

Chunk freelists:
   Non-Class:  24.00 KB
       Class:  6.00 KB
        Both:  30.00 KB

MaxMetaspaceSize: 17179869184.00 GB
CompressedClassSpaceSize: 1.00 GB

CodeHeap 'non-profiled nmethods': size=120064Kb used=696Kb max_used=696Kb free=119367Kb
 bounds [0x0000020563e00000, 0x0000020564070000, 0x000002056b340000]
CodeHeap 'profiled nmethods': size=120000Kb used=4019Kb max_used=4019Kb free=115980Kb
 bounds [0x000002055c8d0000, 0x000002055ccc0000, 0x0000020563e00000]
CodeHeap 'non-nmethods': size=5696Kb used=1160Kb max_used=1172Kb free=4536Kb
 bounds [0x000002055c340000, 0x000002055c5b0000, 0x000002055c8d0000]
 total_blobs=2626 nmethods=2127 adapters=410
 compilation: enabled
              stopped_count=0, restarted_count=0
 full_count=0

Compilation events (20 events):
Event: 1.619 Thread 0x000002057782b800 2010       3       java.lang.reflect.ReflectAccess::getExecutableSharedParameterTypes (5 bytes)
Event: 1.619 Thread 0x000002057782b800 nmethod 2010 0x000002055cc80590 code [0x000002055cc80740, 0x000002055cc80908]
Event: 1.645 Thread 0x000002057782b800 2011       1       java.lang.reflect.Constructor::getSharedParameterTypes (5 bytes)
Event: 1.645 Thread 0x000002057782b800 nmethod 2011 0x0000020563ea6b10 code [0x0000020563ea6cc0, 0x0000020563ea6d78]
Event: 1.672 Thread 0x000002057782b800 2012       3       java.lang.invoke.Invokers$Holder::linkToTargetMethod (9 bytes)
Event: 1.672 Thread 0x000002057782b800 nmethod 2012 0x000002055cc80a10 code [0x000002055cc80be0, 0x000002055cc80fd8]
Event: 1.674 Thread 0x000002057782b800 2013       3       org.jetbrains.kotlin.com.intellij.openapi.util.text.StringUtilRt::toLowerCase (33 bytes)
Event: 1.674 Thread 0x000002057782b800 nmethod 2013 0x000002055cc81090 code [0x000002055cc81280, 0x000002055cc81618]
Event: 1.674 Thread 0x000002057782b800 2014       3       org.jetbrains.kotlin.com.intellij.util.containers.CaseInsensitiveStringHashingStrategy::equals (13 bytes)
Event: 1.674 Thread 0x000002057782b800 nmethod 2014 0x000002055cc81790 code [0x000002055cc81980, 0x000002055cc81e28]
Event: 1.674 Thread 0x000002057782b800 2015       3       org.jetbrains.kotlin.com.intellij.util.containers.CaseInsensitiveStringHashingStrategy::equals (27 bytes)
Event: 1.675 Thread 0x000002057782b800 nmethod 2015 0x000002055cc81f90 code [0x000002055cc82160, 0x000002055cc823a8]
Event: 1.675 Thread 0x000002057782b800 2016       3       java.io.File::isInvalid (48 bytes)
Event: 1.675 Thread 0x0000020577a0d000 2017 %     4       java.io.WinNTFileSystem::normalize @ 22 (143 bytes)
Event: 1.675 Thread 0x000002057782b800 nmethod 2016 0x000002055cc82490 code [0x000002055cc82680, 0x000002055cc82b78]
Event: 1.678 Thread 0x000002057782b800 2018       3       org.jetbrains.kotlin.com.intellij.openapi.util.text.Strings::toLowerCase (5 bytes)
Event: 1.679 Thread 0x000002057782b800 nmethod 2018 0x000002055cc82d10 code [0x000002055cc82f00, 0x000002055cc832d8]
Event: 1.679 Thread 0x000002057782b800 2020       1       org.jetbrains.kotlin.com.intellij.core.CoreApplicationEnvironment::lambda$new$0 (5 bytes)
Event: 1.679 Thread 0x000002057782b800 nmethod 2020 0x0000020563ea7290 code [0x0000020563ea7440, 0x0000020563ea74f8]
Event: 1.680 Thread 0x0000020577a0d000 nmethod 2017% 0x0000020563ea7590 code [0x0000020563ea7760, 0x0000020563ea7ae8]

GC Heap History (4 events):
Event: 0.404 GC heap before
{Heap before GC invocations=0 (full 0):
 garbage-first heap   total 262144K, used 17408K [0x0000000701c00000, 0x0000000800000000)
  region size 1024K, 14 young (14336K), 0 survivors (0K)
 Metaspace       used 9777K, capacity 9871K, committed 10112K, reserved 1058816K
  class space    used 828K, capacity 884K, committed 896K, reserved 1048576K
}
Event: 0.407 GC heap after
{Heap after GC invocations=1 (full 0):
 garbage-first heap   total 262144K, used 5136K [0x0000000701c00000, 0x0000000800000000)
  region size 1024K, 2 young (2048K), 2 survivors (2048K)
 Metaspace       used 9777K, capacity 9871K, committed 10112K, reserved 1058816K
  class space    used 828K, capacity 884K, committed 896K, reserved 1048576K
}
Event: 1.160 GC heap before
{Heap before GC invocations=1 (full 0):
 garbage-first heap   total 262144K, used 51216K [0x0000000701c00000, 0x0000000800000000)
  region size 1024K, 48 young (49152K), 2 survivors (2048K)
 Metaspace       used 20985K, capacity 21194K, committed 21248K, reserved 1069056K
  class space    used 2216K, capacity 2297K, committed 2304K, reserved 1048576K
}
Event: 1.171 GC heap after
{Heap after GC invocations=2 (full 0):
 garbage-first heap   total 262144K, used 9457K [0x0000000701c00000, 0x0000000800000000)
  region size 1024K, 7 young (7168K), 7 survivors (7168K)
 Metaspace       used 20985K, capacity 21194K, committed 21248K, reserved 1069056K
  class space    used 2216K, capacity 2297K, committed 2304K, reserved 1048576K
}

Deoptimization events (20 events):
Event: 1.412 Thread 0x00000205589bc000 Uncommon trap: trap_request=0xffffff4d fr.pc=0x0000020563e8c4f4 relative=0x00000000000000d4
Event: 1.412 Thread 0x00000205589bc000 Uncommon trap: reason=unstable_if action=reinterpret pc=0x0000020563e8c4f4 method=jdk.nio.zipfs.ZipConstants.pkSigAt([BIII)Z @ 5 c2
Event: 1.412 Thread 0x00000205589bc000 DEOPT PACKING pc=0x0000020563e8c4f4 sp=0x000000687c5fe370
Event: 1.412 Thread 0x00000205589bc000 DEOPT UNPACKING pc=0x000002055c36772f sp=0x000000687c5fe318 mode 2
Event: 1.426 Thread 0x00000205589bc000 Uncommon trap: trap_request=0xffffff4d fr.pc=0x0000020563e90b6c relative=0x000000000000014c
Event: 1.426 Thread 0x00000205589bc000 Uncommon trap: reason=unstable_if action=reinterpret pc=0x0000020563e90b6c method=jdk.nio.zipfs.ZipFileSystem.getParentOff([B)I @ 21 c2
Event: 1.426 Thread 0x00000205589bc000 DEOPT PACKING pc=0x0000020563e90b6c sp=0x000000687c5fe470
Event: 1.426 Thread 0x00000205589bc000 DEOPT UNPACKING pc=0x000002055c36772f sp=0x000000687c5fe408 mode 2
Event: 1.434 Thread 0x00000205589bc000 Uncommon trap: trap_request=0xffffff6e fr.pc=0x0000020563e85ff4 relative=0x00000000000014b4
Event: 1.434 Thread 0x00000205589bc000 Uncommon trap: reason=speculate_class_check action=maybe_recompile pc=0x0000020563e85ff4 method=java.util.zip.InflaterInputStream.read([BII)I @ 100 c2
Event: 1.434 Thread 0x00000205589bc000 DEOPT PACKING pc=0x0000020563e85ff4 sp=0x000000687c5fe520
Event: 1.434 Thread 0x00000205589bc000 DEOPT UNPACKING pc=0x000002055c36772f sp=0x000000687c5fe580 mode 2
Event: 1.508 Thread 0x00000205589bc000 Uncommon trap: trap_request=0xffffff4d fr.pc=0x0000020563e66f38 relative=0x0000000000000198
Event: 1.508 Thread 0x00000205589bc000 Uncommon trap: reason=unstable_if action=reinterpret pc=0x0000020563e66f38 method=java.lang.String.startsWith(Ljava/lang/String;I)Z @ 1 c2
Event: 1.508 Thread 0x00000205589bc000 DEOPT PACKING pc=0x0000020563e66f38 sp=0x000000687c5fde80
Event: 1.508 Thread 0x00000205589bc000 DEOPT UNPACKING pc=0x000002055c36772f sp=0x000000687c5fddf0 mode 2
Event: 1.552 Thread 0x00000205589bc000 Uncommon trap: trap_request=0xffffffde fr.pc=0x0000020563e8c184 relative=0x0000000000000064
Event: 1.552 Thread 0x00000205589bc000 Uncommon trap: reason=class_check action=maybe_recompile pc=0x0000020563e8c184 method=java.util.LinkedHashMap.afterNodeInsertion(Z)V @ 15 c2
Event: 1.552 Thread 0x00000205589bc000 DEOPT PACKING pc=0x0000020563e8c184 sp=0x000000687c5fe440
Event: 1.552 Thread 0x00000205589bc000 DEOPT UNPACKING pc=0x000002055c36772f sp=0x000000687c5fe3b8 mode 2

Classes redefined (0 events):
No events

Internal exceptions (18 events):
Event: 0.925 Thread 0x00000205589bc000 Exception <a 'java/lang/NoSuchMethodError'{0x000000070fb8a280}: 'int java.lang.invoke.DirectMethodHandle$Holder.invokeSpecialIFC(java.lang.Object, java.lang.Object, int)'> (0x000000070fb8a280) thrown at [./src/hotspot/share/interpreter/linkResolver.cpp, line 773]
Event: 1.083 Thread 0x00000205589bc000 Exception <a 'java/lang/NoSuchMethodError'{0x000000070f11a030}: 'java.lang.Object java.lang.invoke.DirectMethodHandle$Holder.invokeStaticInit(java.lang.Object, int)'> (0x000000070f11a030) thrown at [./src/hotspot/share/interpreter/linkResolver.cpp, line 773]
Event: 1.105 Thread 0x00000205589bc000 Exception <a 'java/lang/NoSuchMethodError'{0x000000070f0a5698}: 'long java.lang.invoke.DirectMethodHandle$Holder.invokeStatic(java.lang.Object)'> (0x000000070f0a5698) thrown at [./src/hotspot/share/interpreter/linkResolver.cpp, line 773]
Event: 1.105 Thread 0x00000205589bc000 Exception <a 'java/lang/NoSuchMethodError'{0x000000070f0a84f0}: 'long java.lang.invoke.DirectMethodHandle$Holder.invokeStaticInit(java.lang.Object)'> (0x000000070f0a84f0) thrown at [./src/hotspot/share/interpreter/linkResolver.cpp, line 773]
Event: 1.150 Thread 0x00000205589bc000 Exception <a 'java/lang/NoSuchMethodError'{0x000000070ec15190}: 'int java.lang.invoke.DirectMethodHandle$Holder.invokeStaticInit(java.lang.Object, java.lang.Object, java.lang.Object)'> (0x000000070ec15190) thrown at [./src/hotspot/share/interpreter/linkResolver.cpp, line 773]
Event: 1.154 Thread 0x00000205589bc000 Exception <a 'java/lang/NoSuchMethodError'{0x000000070ec407f0}: 'int java.lang.invoke.DirectMethodHandle$Holder.invokeStaticInit(java.lang.Object, java.lang.Object)'> (0x000000070ec407f0) thrown at [./src/hotspot/share/interpreter/linkResolver.cpp, line 773]
Event: 1.363 Thread 0x00000205589bc000 Exception <a 'java/lang/NoSuchMethodError'{0x0000000711230f28}: 'java.lang.Object java.lang.invoke.DirectMethodHandle$Holder.invokeStatic(java.lang.Object, java.lang.Object, java.lang.Object, java.lang.Object, java.lang.Object, java.lang.Object, java.lang.Object, java.lang.Object, java.lang.Object, java.lang.Object, java.lang.Object, java.lang.Object, java.lang.Object, java.lang.Object, java.lang.Object)'> (0x0000000711230f28) thrown at [./src/hotspot/share/interpreter/linkResolver.cpp, line 773]
Event: 1.364 Thread 0x00000205589bc000 Exception <a 'java/lang/NoSuchMethodError'{0x000000071123f300}: 'java.lang.Object java.lang.invoke.DirectMethodHandle$Holder.invokeStatic(java.lang.Object, java.lang.Object, java.lang.Object, java.lang.Object, java.lang.Object, java.lang.Object, java.lang.Object, java.lang.Object, java.lang.Object, java.lang.Object, java.lang.Object, java.lang.Object, java.lang.Object, java.lang.Object, java.lang.Object, java.lang.Object)'> (0x000000071123f300) thrown at [./src/hotspot/share/interpreter/linkResolver.cpp, l
Event: 1.367 Thread 0x00000205589bc000 Exception <a 'java/lang/NoSuchMethodError'{0x000000071124d218}: 'java.lang.Object java.lang.invoke.DirectMethodHandle$Holder.invokeSpecial(java.lang.Object, java.lang.Object, int, int, java.lang.Object, java.lang.Object, java.lang.Object)'> (0x000000071124d218) thrown at [./src/hotspot/share/interpreter/linkResolver.cpp, line 773]
Event: 1.367 Thread 0x00000205589bc000 Exception <a 'java/lang/NoSuchMethodError'{0x0000000711250a50}: 'java.lang.Object java.lang.invoke.DelegatingMethodHandle$Holder.reinvoke_L(java.lang.Object, int, int, java.lang.Object, java.lang.Object, java.lang.Object)'> (0x0000000711250a50) thrown at [./src/hotspot/share/interpreter/linkResolver.cpp, line 773]
Event: 1.367 Thread 0x00000205589bc000 Exception <a 'java/lang/NoSuchMethodError'{0x0000000711254dd8}: 'java.lang.Object java.lang.invoke.DirectMethodHandle$Holder.invokeStatic(java.lang.Object, java.lang.Object, java.lang.Object, java.lang.Object, int)'> (0x0000000711254dd8) thrown at [./src/hotspot/share/interpreter/linkResolver.cpp, line 773]
Event: 1.410 Thread 0x00000205589bc000 Implicit null exception at 0x0000020563e8b6ac to 0x0000020563e8b85a
Event: 1.437 Thread 0x00000205589bc000 Exception <a 'java/lang/NoSuchMethodError'{0x0000000710dba3b8}: 'void java.lang.invoke.DirectMethodHandle$Holder.invokeStatic(java.lang.Object, java.lang.Object, java.lang.Object, java.lang.Object)'> (0x0000000710dba3b8) thrown at [./src/hotspot/share/interpreter/linkResolver.cpp, line 773]
Event: 1.454 Thread 0x00000205589bc000 Exception <a 'java/lang/NoSuchMethodError'{0x0000000710b09758}: 'void java.lang.invoke.DirectMethodHandle$Holder.invokeSpecial(java.lang.Object, java.lang.Object)'> (0x0000000710b09758) thrown at [./src/hotspot/share/interpreter/linkResolver.cpp, line 773]
Event: 1.485 Thread 0x00000205589bc000 Exception <a 'java/lang/NoSuchMethodError'{0x00000007109abc98}: 'void java.lang.invoke.DirectMethodHandle$Holder.invokeStaticInit(java.lang.Object, java.lang.Object)'> (0x00000007109abc98) thrown at [./src/hotspot/share/interpreter/linkResolver.cpp, line 773]
Event: 1.492 Thread 0x00000205589bc000 Exception <a 'java/lang/NoSuchMethodError'{0x00000007109ea298}: 'void java.lang.invoke.DirectMethodHandle$Holder.invokeInterface(java.lang.Object, java.lang.Object)'> (0x00000007109ea298) thrown at [./src/hotspot/share/interpreter/linkResolver.cpp, line 773]
Event: 1.569 Thread 0x00000205589bc000 Exception <a 'java/lang/NoSuchMethodError'{0x00000007104bbc70}: 'void java.lang.invoke.DirectMethodHandle$Holder.invokeVirtual(java.lang.Object, java.lang.Object)'> (0x00000007104bbc70) thrown at [./src/hotspot/share/interpreter/linkResolver.cpp, line 773]
Event: 1.577 Thread 0x00000205589bc000 Exception <a 'java/lang/NoSuchMethodError'{0x0000000710335a88}: 'int java.lang.invoke.DirectMethodHandle$Holder.invokeVirtual(java.lang.Object, java.lang.Object)'> (0x0000000710335a88) thrown at [./src/hotspot/share/interpreter/linkResolver.cpp, line 773]

Events (20 events):
Event: 1.667 loading class org/jetbrains/kotlin/psi/KtScript
Event: 1.667 loading class org/jetbrains/kotlin/psi/KtScript done
Event: 1.668 loading class org/jetbrains/kotlin/psi/stubs/KotlinScriptStub
Event: 1.668 loading class org/jetbrains/kotlin/psi/stubs/KotlinScriptStub done
Event: 1.669 loading class org/jetbrains/kotlin/com/intellij/psi/TokenType
Event: 1.669 loading class org/jetbrains/kotlin/com/intellij/psi/TokenType done
Event: 1.669 loading class org/jetbrains/kotlin/com/intellij/psi/TokenType$1
Event: 1.669 loading class org/jetbrains/kotlin/com/intellij/psi/TokenType$1 done
Event: 1.669 loading class org/jetbrains/kotlin/com/intellij/psi/impl/source/SpineRef
Event: 1.669 loading class org/jetbrains/kotlin/com/intellij/psi/impl/source/SpineRef done
Event: 1.670 loading class org/jetbrains/kotlin/com/intellij/psi/util/PsiUtilCore
Event: 1.670 loading class org/jetbrains/kotlin/com/intellij/psi/util/PsiUtilCore done
Event: 1.671 loading class org/jetbrains/kotlin/com/intellij/psi/util/PsiUtilCore$NullPsiElement
Event: 1.671 loading class org/jetbrains/kotlin/com/intellij/psi/util/PsiUtilCore$NullPsiElement done
Event: 1.671 loading class org/jetbrains/kotlin/com/intellij/psi/util/PsiUtilCore$NullPsiFile
Event: 1.671 loading class org/jetbrains/kotlin/com/intellij/psi/util/PsiUtilCore$NullPsiFile done
Event: 1.682 loading class org/jetbrains/kotlin/cli/jvm/compiler/KotlinCoreEnvironment$special$$inlined$sortBy$1
Event: 1.682 loading class org/jetbrains/kotlin/cli/jvm/compiler/KotlinCoreEnvironment$special$$inlined$sortBy$1 done
Event: 1.682 loading class org/jetbrains/kotlin/com/intellij/openapi/util/io/FileUtil
Event: 1.682 loading class org/jetbrains/kotlin/com/intellij/openapi/util/io/FileUtil done


Dynamic libraries:
0x00007ff6be2e0000 - 0x00007ff6be2ea000 	C:\Program Files\Android\Android Studio\jre\bin\java.exe
0x00007ffee3110000 - 0x00007ffee3305000 	C:\Windows\SYSTEM32\ntdll.dll
0x00007ffee1d20000 - 0x00007ffee1ddd000 	C:\Windows\System32\KERNEL32.DLL
0x00007ffee0c00000 - 0x00007ffee0ec8000 	C:\Windows\System32\KERNELBASE.dll
0x00007ffee0900000 - 0x00007ffee0a00000 	C:\Windows\System32\ucrtbase.dll
0x00007ffedbac0000 - 0x00007ffedbad7000 	C:\Program Files\Android\Android Studio\jre\bin\VCRUNTIME140.dll
0x00007ffedbb30000 - 0x00007ffedbb49000 	C:\Program Files\Android\Android Studio\jre\bin\jli.dll
0x00007ffee1ef0000 - 0x00007ffee2090000 	C:\Windows\System32\USER32.dll
0x00007ffecf1a0000 - 0x00007ffecf43a000 	C:\Windows\WinSxS\amd64_microsoft.windows.common-controls_6595b64144ccf1df_6.0.19041.844_none_ca00b6081b84eb1d\COMCTL32.dll
0x00007ffee0a50000 - 0x00007ffee0a72000 	C:\Windows\System32\win32u.dll
0x00007ffee1400000 - 0x00007ffee149e000 	C:\Windows\System32\msvcrt.dll
0x00007ffee13c0000 - 0x00007ffee13ea000 	C:\Windows\System32\GDI32.dll
0x00007ffee1060000 - 0x00007ffee116b000 	C:\Windows\System32\gdi32full.dll
0x00007ffee0a80000 - 0x00007ffee0b1d000 	C:\Windows\System32\msvcp_win.dll
0x00007ffee22b0000 - 0x00007ffee22e0000 	C:\Windows\System32\IMM32.DLL
0x00007ffeb3a80000 - 0x00007ffeb3b1d000 	C:\Program Files\Android\Android Studio\jre\bin\msvcp140.dll
0x00007ffe981b0000 - 0x00007ffe98c6c000 	C:\Program Files\Android\Android Studio\jre\bin\server\jvm.dll
0x00007ffee2090000 - 0x00007ffee213c000 	C:\Windows\System32\ADVAPI32.dll
0x00007ffee2210000 - 0x00007ffee22ab000 	C:\Windows\System32\sechost.dll
0x00007ffee2840000 - 0x00007ffee296b000 	C:\Windows\System32\RPCRT4.dll
0x00007ffee23c0000 - 0x00007ffee23c8000 	C:\Windows\System32\PSAPI.DLL
0x00007ffed54f0000 - 0x00007ffed5517000 	C:\Windows\SYSTEM32\WINMM.dll
0x00007ffed8f40000 - 0x00007ffed8f4a000 	C:\Windows\SYSTEM32\VERSION.dll
0x00007ffeca710000 - 0x00007ffeca719000 	C:\Windows\SYSTEM32\WSOCK32.dll
0x00007ffee2c30000 - 0x00007ffee2c9b000 	C:\Windows\System32\WS2_32.dll
0x00007ffede970000 - 0x00007ffede982000 	C:\Windows\SYSTEM32\kernel.appcore.dll
0x00007ffedb340000 - 0x00007ffedb351000 	C:\Program Files\Android\Android Studio\jre\bin\verify.dll
0x00007ffede4f0000 - 0x00007ffede6d4000 	C:\Windows\SYSTEM32\DBGHELP.DLL
0x00007ffec8a50000 - 0x00007ffec8a7c000 	C:\Windows\SYSTEM32\dbgcore.DLL
0x00007ffee0b20000 - 0x00007ffee0ba0000 	C:\Windows\System32\bcryptPrimitives.dll
0x00007ffedb310000 - 0x00007ffedb339000 	C:\Program Files\Android\Android Studio\jre\bin\java.dll
0x00007ffedb570000 - 0x00007ffedb57b000 	C:\Program Files\Android\Android Studio\jre\bin\jimage.dll
0x00007ffedb2f0000 - 0x00007ffedb308000 	C:\Program Files\Android\Android Studio\jre\bin\zip.dll
0x00007ffee15d0000 - 0x00007ffee1d12000 	C:\Windows\System32\SHELL32.dll
0x00007ffede990000 - 0x00007ffedf121000 	C:\Windows\SYSTEM32\windows.storage.dll
0x00007ffee2d70000 - 0x00007ffee30c5000 	C:\Windows\System32\combase.dll
0x00007ffee02c0000 - 0x00007ffee02ec000 	C:\Windows\SYSTEM32\Wldp.dll
0x00007ffee2160000 - 0x00007ffee220e000 	C:\Windows\System32\SHCORE.dll
0x00007ffee2970000 - 0x00007ffee29c5000 	C:\Windows\System32\shlwapi.dll
0x00007ffee0790000 - 0x00007ffee07af000 	C:\Windows\SYSTEM32\profapi.dll
0x00007ffedaa50000 - 0x00007ffedaa6a000 	C:\Program Files\Android\Android Studio\jre\bin\net.dll
0x00007ffece4a0000 - 0x00007ffece5ab000 	C:\Windows\SYSTEM32\WINHTTP.dll
0x00007ffee0030000 - 0x00007ffee009a000 	C:\Windows\system32\mswsock.dll
0x00007ffed91a0000 - 0x00007ffed91b4000 	C:\Program Files\Android\Android Studio\jre\bin\nio.dll

dbghelp: loaded successfully - version: 4.0.5 - missing functions: none
symbol engine: initialized successfully - sym options: 0x614 - pdb path: .;C:\Program Files\Android\Android Studio\jre\bin;C:\Windows\SYSTEM32;C:\Windows\WinSxS\amd64_microsoft.windows.common-controls_6595b64144ccf1df_6.0.19041.844_none_ca00b6081b84eb1d;C:\Program Files\Android\Android Studio\jre\bin\server

VM Arguments:
java_command: org.jetbrains.kotlin.cli.jvm.K2JVMCompiler @C:\Users\FADEL\AndroidStudioProjects\RoadDamageDetector\app\build\20210529_14341621796402938273.compiler.options
java_class_path (initial): C:\Users\FADEL\.gradle\caches\modules-2\files-2.1\org.jetbrains.kotlin\kotlin-compiler-embeddable\1.5.0\6e53e0ca3cf7eff1a4df71171c8f9604b983e1d6\kotlin-compiler-embeddable-1.5.0.jar;C:\Users\FADEL\.gradle\caches\modules-2\files-2.1\org.jetbrains.kotlin\kotlin-reflect\1.5.0\47806fe8ed30dbdf9e697eda5e9c9a3905ff3363\kotlin-reflect-1.5.0.jar;C:\Users\FADEL\.gradle\caches\modules-2\files-2.1\org.jetbrains.kotlin\kotlin-stdlib\1.5.0\29dae2501ca094416d15af0e21470cb634780444\kotlin-stdlib-1.5.0.jar;C:\Users\FADEL\.gradle\caches\modules-2\files-2.1\org.jetbrains.kotlin\kotlin-script-runtime\1.5.0\a2d66828077376fc1851a6fdbf25865935f4101d\kotlin-script-runtime-1.5.0.jar;C:\Users\FADEL\.gradle\caches\modules-2\files-2.1\org.jetbrains.kotlin\kotlin-daemon-embeddable\1.5.0\7f3567acfef59ff865a99a584d814bde87226dd5\kotlin-daemon-embeddable-1.5.0.jar;C:\Users\FADEL\.gradle\caches\modules-2\files-2.1\org.jetbrains.intellij.deps\trove4j\1.0.20181211\216c2e14b070f334479d800987affe4054cd563f\trove4j-1.0.20181211.jar;C:\Users\FADEL\.gradle\caches\modules-2\files-2.1\org.jetbrains\annotations\13.0\919f0dfe192fb4e063e7dacadee7f8bb9a2672a9\annotations-13.0.jar;C:\Users\FADEL\.gradle\caches\modules-2\files-2.1\org.jetbrains.kotlin\kotlin-stdlib-common\1.5.0\4080d69efca5e39e9b4972f125e40f1607bd6460\kotlin-stdlib-common-1.5.0.jar
Launcher Type: SUN_STANDARD

[Global flags]
     intx CICompilerCount                          = 3                                         {product} {ergonomic}
     uint ConcGCThreads                            = 1                                         {product} {ergonomic}
     uint G1ConcRefinementThreads                  = 4                                         {product} {ergonomic}
   size_t G1HeapRegionSize                         = 1048576                                   {product} {ergonomic}
    uintx GCDrainStackTargetSize                   = 64                                        {product} {ergonomic}
   size_t InitialHeapSize                          = 268435456                                 {product} {ergonomic}
   size_t MarkStackSize                            = 4194304                                   {product} {ergonomic}
   size_t MaxHeapSize                              = 4265607168                                {product} {ergonomic}
   size_t MaxNewSize                               = 2558525440                                {product} {ergonomic}
   size_t MinHeapDeltaBytes                        = 1048576                                   {product} {ergonomic}
    uintx NonNMethodCodeHeapSize                   = 5830732                                {pd product} {ergonomic}
    uintx NonProfiledCodeHeapSize                  = 122913754                              {pd product} {ergonomic}
    uintx ProfiledCodeHeapSize                     = 122913754                              {pd product} {ergonomic}
    uintx ReservedCodeCacheSize                    = 251658240                              {pd product} {ergonomic}
     bool SegmentedCodeCache                       = true                                      {product} {ergonomic}
     bool UseCompressedClassPointers               = true                                 {lp64_product} {ergonomic}
     bool UseCompressedOops                        = true                                 {lp64_product} {ergonomic}
     bool UseG1GC                                  = true                                      {product} {ergonomic}
     bool UseLargePagesIndividualAllocation        = false                                  {pd product} {ergonomic}

Logging:
Log output configuration:
 #0: stdout all=warning uptime,level,tags
 #1: stderr all=off uptime,level,tags

Environment Variables:
JAVA_HOME=C:\Program Files\Android\Android Studio\jre
PATH=C:\Windows\system32;C:\Windows;C:\Windows\System32\Wbem;C:\Windows\System32\WindowsPowerShell\v1.0\;C:\Windows\System32\OpenSSH\;C:\Program Files\Git\cmd;C:\Program Files\Android\Android Studio\jre\bin;C:\flutter\bin;C:\Users\FADEL\AppData\Local\Microsoft\WindowsApps;;C:\Users\FADEL\AppData\Local\Programs\Microsoft VS Code\bin
USERNAME=FADEL
OS=Windows_NT
PROCESSOR_IDENTIFIER=Intel64 Family 6 Model 142 Stepping 9, GenuineIntel



---------------  S Y S T E M  ---------------

OS: Windows 10 , 64 bit Build 19041 (10.0.19041.928)
OS uptime: 0 days 1:40 hours

CPU:total 4 (initial active 4) (2 cores per cpu, 2 threads per core) family 6 model 142 stepping 9, cmov, cx8, fxsr, mmx, sse, sse2, sse3, ssse3, sse4.1, sse4.2, popcnt, avx, avx2, aes, clmul, erms, 3dnowpref, lzcnt, ht, tsc, tscinvbit, bmi1, bmi2, adx, fma

Memory: 4k page, system-wide physical 16270M (7963M free)
TotalPageFile size 32654M (AvailPageFile size 23112M)
current process WorkingSet (physical memory assigned to process): 166M, peak: 166M
current process commit charge ("private bytes"): 389M, peak: 389M

vm_info: OpenJDK 64-Bit Server VM (11.0.8+10-b944.6842174) for windows-amd64 JRE (11.0.8+10-b944.6842174), built on Sep 19 2020 01:11:42 by "builder" with MS VC++ 14.0 (VS2015)

END.
